[2025-10-05T05:22:11.514+0000] {local_task_job_runner.py:120} INFO - ::group::Pre task execution logs
[2025-10-05T05:22:11.899+0000] {taskinstance.py:2076} INFO - Dependencies all met for dep_context=non-requeueable deps ti=<TaskInstance: retail_hourly_etl.source_transaction_lion_parcel manual__2025-10-05T05:18:04.339657+00:00 [queued]>
[2025-10-05T05:22:11.944+0000] {taskinstance.py:2076} INFO - Dependencies all met for dep_context=requeueable deps ti=<TaskInstance: retail_hourly_etl.source_transaction_lion_parcel manual__2025-10-05T05:18:04.339657+00:00 [queued]>
[2025-10-05T05:22:11.947+0000] {taskinstance.py:2306} INFO - Starting attempt 2 of 2
[2025-10-05T05:22:12.014+0000] {taskinstance.py:2330} INFO - Executing <Task(BashOperator): source_transaction_lion_parcel> on 2025-10-05 05:18:04.339657+00:00
[2025-10-05T05:22:12.041+0000] {standard_task_runner.py:90} INFO - Running: ['***', 'tasks', 'run', 'retail_hourly_etl', 'source_transaction_lion_parcel', 'manual__2025-10-05T05:18:04.339657+00:00', '--job-id', '56', '--raw', '--subdir', 'DAGS_FOLDER/retail_hourly_etl.py', '--cfg-path', '/tmp/tmpf6_l7wkd']
[2025-10-05T05:22:12.050+0000] {standard_task_runner.py:91} INFO - Job 56: Subtask source_transaction_lion_parcel
[2025-10-05T05:22:12.063+0000] {logging_mixin.py:188} WARNING - /home/***/.local/lib/python3.12/site-packages/***/task/task_runner/standard_task_runner.py:62 DeprecationWarning: This process (pid=509) is multi-threaded, use of fork() may lead to deadlocks in the child.
[2025-10-05T05:22:12.065+0000] {standard_task_runner.py:64} INFO - Started process 510 to run task
[2025-10-05T05:22:12.376+0000] {task_command.py:426} INFO - Running <TaskInstance: retail_hourly_etl.source_transaction_lion_parcel manual__2025-10-05T05:18:04.339657+00:00 [running]> on host 4be1e35054da
[2025-10-05T05:22:12.719+0000] {taskinstance.py:2648} INFO - Exporting env vars: AIRFLOW_CTX_DAG_OWNER='***' AIRFLOW_CTX_DAG_ID='retail_hourly_etl' AIRFLOW_CTX_TASK_ID='source_transaction_lion_parcel' AIRFLOW_CTX_EXECUTION_DATE='2025-10-05T05:18:04.339657+00:00' AIRFLOW_CTX_TRY_NUMBER='2' AIRFLOW_CTX_DAG_RUN_ID='manual__2025-10-05T05:18:04.339657+00:00'
[2025-10-05T05:22:12.722+0000] {taskinstance.py:430} INFO - ::endgroup::
[2025-10-05T05:22:12.849+0000] {subprocess.py:63} INFO - Tmp dir root location: /tmp
[2025-10-05T05:22:12.858+0000] {subprocess.py:75} INFO - Running command: ['/usr/bin/bash', '-c', 'python /opt/***/public/source_transaction_lion_parcel.py || exit 3']
[2025-10-05T05:22:12.900+0000] {subprocess.py:86} INFO - Output:
[2025-10-05T05:22:20.830+0000] {subprocess.py:93} INFO - 2025-10-05 05:22:20,829 - INFO - Database connection established successfully.
[2025-10-05T05:22:20.835+0000] {subprocess.py:93} INFO - 2025-10-05 05:22:20,834 - INFO - Database connection established successfully.
[2025-10-05T05:22:22.844+0000] {subprocess.py:93} INFO - <class 'pandas.core.frame.DataFrame'>
[2025-10-05T05:22:22.848+0000] {subprocess.py:93} INFO - RangeIndex: 6 entries, 0 to 5
[2025-10-05T05:22:22.850+0000] {subprocess.py:93} INFO - Data columns (total 8 columns):
[2025-10-05T05:22:22.858+0000] {subprocess.py:93} INFO -  #   Column           Non-Null Count  Dtype
[2025-10-05T05:22:22.860+0000] {subprocess.py:93} INFO - ---  ------           --------------  -----
[2025-10-05T05:22:22.868+0000] {subprocess.py:93} INFO -  0   id               6 non-null      int64
[2025-10-05T05:22:22.875+0000] {subprocess.py:93} INFO -  1   customer_id      6 non-null      object
[2025-10-05T05:22:22.900+0000] {subprocess.py:93} INFO -  2   last_status      6 non-null      object
[2025-10-05T05:22:22.902+0000] {subprocess.py:93} INFO -  3   pos_origin       6 non-null      object
[2025-10-05T05:22:22.905+0000] {subprocess.py:93} INFO -  4   pos_destination  6 non-null      object
[2025-10-05T05:22:22.908+0000] {subprocess.py:93} INFO -  5   created_at       6 non-null      datetime64[ns, UTC]
[2025-10-05T05:22:22.912+0000] {subprocess.py:93} INFO -  6   updated_at       6 non-null      datetime64[ns, UTC]
[2025-10-05T05:22:22.913+0000] {subprocess.py:93} INFO -  7   loaded_at        6 non-null      datetime64[ns, UTC]
[2025-10-05T05:22:22.916+0000] {subprocess.py:93} INFO - dtypes: datetime64[ns, UTC](3), int64(1), object(4)
[2025-10-05T05:22:22.919+0000] {subprocess.py:93} INFO - memory usage: 1.6 KB
[2025-10-05T05:22:22.923+0000] {subprocess.py:93} INFO - <class 'pandas.core.frame.DataFrame'>
[2025-10-05T05:22:22.925+0000] {subprocess.py:93} INFO - RangeIndex: 6 entries, 0 to 5
[2025-10-05T05:22:22.929+0000] {subprocess.py:93} INFO - Data columns (total 8 columns):
[2025-10-05T05:22:22.935+0000] {subprocess.py:93} INFO -  #   Column           Non-Null Count  Dtype
[2025-10-05T05:22:22.942+0000] {subprocess.py:93} INFO - ---  ------           --------------  -----
[2025-10-05T05:22:22.944+0000] {subprocess.py:93} INFO -  0   id               6 non-null      int64
[2025-10-05T05:22:22.945+0000] {subprocess.py:93} INFO -  1   customer_id      6 non-null      object
[2025-10-05T05:22:22.946+0000] {subprocess.py:93} INFO -  2   last_status      6 non-null      object
[2025-10-05T05:22:22.948+0000] {subprocess.py:93} INFO -  3   pos_origin       6 non-null      object
[2025-10-05T05:22:22.950+0000] {subprocess.py:93} INFO -  4   pos_destination  6 non-null      object
[2025-10-05T05:22:22.953+0000] {subprocess.py:93} INFO -  5   created_at       6 non-null      datetime64[ns, UTC]
[2025-10-05T05:22:22.956+0000] {subprocess.py:93} INFO -  6   updated_at       6 non-null      datetime64[ns, UTC]
[2025-10-05T05:22:22.958+0000] {subprocess.py:93} INFO -  7   loaded_at        6 non-null      datetime64[ns, UTC]
[2025-10-05T05:22:22.961+0000] {subprocess.py:93} INFO - dtypes: datetime64[ns, UTC](3), int64(1), object(4)
[2025-10-05T05:22:22.962+0000] {subprocess.py:93} INFO - memory usage: 1.6 KB
[2025-10-05T05:22:23.364+0000] {subprocess.py:97} INFO - Command exited with return code 0
[2025-10-05T05:22:23.372+0000] {taskinstance.py:441} INFO - ::group::Post task execution logs
[2025-10-05T05:22:23.468+0000] {taskinstance.py:1206} INFO - Marking task as SUCCESS. dag_id=retail_hourly_etl, task_id=source_transaction_lion_parcel, run_id=manual__2025-10-05T05:18:04.339657+00:00, execution_date=20251005T051804, start_date=20251005T052211, end_date=20251005T052223
[2025-10-05T05:22:23.553+0000] {local_task_job_runner.py:243} INFO - Task exited with return code 0
[2025-10-05T05:22:23.629+0000] {taskinstance.py:3503} INFO - 1 downstream tasks scheduled from follow-on schedule check
[2025-10-05T05:22:23.635+0000] {local_task_job_runner.py:222} INFO - ::endgroup::
