[2025-10-05T05:15:54.122+0000] {local_task_job_runner.py:120} INFO - ::group::Pre task execution logs
[2025-10-05T05:15:54.390+0000] {taskinstance.py:2076} INFO - Dependencies all met for dep_context=non-requeueable deps ti=<TaskInstance: retail_hourly_etl.retail_transactions_scd scheduled__2025-10-05T04:00:00+00:00 [queued]>
[2025-10-05T05:15:54.449+0000] {taskinstance.py:2076} INFO - Dependencies all met for dep_context=requeueable deps ti=<TaskInstance: retail_hourly_etl.retail_transactions_scd scheduled__2025-10-05T04:00:00+00:00 [queued]>
[2025-10-05T05:15:54.451+0000] {taskinstance.py:2306} INFO - Starting attempt 2 of 2
[2025-10-05T05:15:54.498+0000] {taskinstance.py:2330} INFO - Executing <Task(BashOperator): retail_transactions_scd> on 2025-10-05 04:00:00+00:00
[2025-10-05T05:15:54.541+0000] {logging_mixin.py:188} WARNING - /home/***/.local/lib/python3.12/site-packages/***/task/task_runner/standard_task_runner.py:62 DeprecationWarning: This process (pid=342) is multi-threaded, use of fork() may lead to deadlocks in the child.
[2025-10-05T05:15:54.537+0000] {standard_task_runner.py:90} INFO - Running: ['***', 'tasks', 'run', 'retail_hourly_etl', 'retail_transactions_scd', 'scheduled__2025-10-05T04:00:00+00:00', '--job-id', '52', '--raw', '--subdir', 'DAGS_FOLDER/retail_hourly_etl.py', '--cfg-path', '/tmp/tmpw7zpv210']
[2025-10-05T05:15:54.545+0000] {standard_task_runner.py:64} INFO - Started process 343 to run task
[2025-10-05T05:15:54.547+0000] {standard_task_runner.py:91} INFO - Job 52: Subtask retail_transactions_scd
[2025-10-05T05:15:54.789+0000] {task_command.py:426} INFO - Running <TaskInstance: retail_hourly_etl.retail_transactions_scd scheduled__2025-10-05T04:00:00+00:00 [running]> on host 4be1e35054da
[2025-10-05T05:15:55.056+0000] {taskinstance.py:2648} INFO - Exporting env vars: AIRFLOW_CTX_DAG_OWNER='***' AIRFLOW_CTX_DAG_ID='retail_hourly_etl' AIRFLOW_CTX_TASK_ID='retail_transactions_scd' AIRFLOW_CTX_EXECUTION_DATE='2025-10-05T04:00:00+00:00' AIRFLOW_CTX_TRY_NUMBER='2' AIRFLOW_CTX_DAG_RUN_ID='scheduled__2025-10-05T04:00:00+00:00'
[2025-10-05T05:15:55.062+0000] {taskinstance.py:430} INFO - ::endgroup::
[2025-10-05T05:15:55.112+0000] {subprocess.py:63} INFO - Tmp dir root location: /tmp
[2025-10-05T05:15:55.117+0000] {subprocess.py:75} INFO - Running command: ['/usr/bin/bash', '-c', 'python /opt/***/public/retail_transactions_scd.py || exit 3']
[2025-10-05T05:15:55.143+0000] {subprocess.py:86} INFO - Output:
[2025-10-05T05:16:04.983+0000] {subprocess.py:93} INFO - 2025-10-05 05:16:04,981 - INFO - Running DBT command: run --select tag:retail_transactions_scd --target prod --project-dir /opt/***/dbt --profiles-dir /opt/***/dbt
[2025-10-05T05:16:05.218+0000] {subprocess.py:93} INFO - [0m05:16:05  Running with dbt=1.8.9
[2025-10-05T05:16:06.423+0000] {subprocess.py:93} INFO - [0m05:16:06  Registered adapter: postgres=1.8.2
[2025-10-05T05:16:07.220+0000] {subprocess.py:93} INFO - [0m05:16:07  Unable to do partial parsing because profile has changed
[2025-10-05T05:16:10.654+0000] {subprocess.py:93} INFO - [0m05:16:10  [[33mWARNING[0m]: Configuration paths exist in your dbt_project.yml file which do not apply to any resources.
[2025-10-05T05:16:10.655+0000] {subprocess.py:93} INFO - There are 1 unused configuration paths:
[2025-10-05T05:16:10.657+0000] {subprocess.py:93} INFO - - models.lionparcel_dwh.staging
[2025-10-05T05:16:11.085+0000] {subprocess.py:93} INFO - [0m05:16:11  Found 3 models, 1 source, 433 macros
[2025-10-05T05:16:11.094+0000] {subprocess.py:93} INFO - [0m05:16:11
[2025-10-05T05:16:12.176+0000] {subprocess.py:93} INFO - [0m05:16:12  Concurrency: 4 threads (target='prod')
[2025-10-05T05:16:12.179+0000] {subprocess.py:93} INFO - [0m05:16:12
[2025-10-05T05:16:12.220+0000] {subprocess.py:93} INFO - [0m05:16:12  1 of 1 START sql incremental model public.retail_transactions_scd .............. [RUN]
[2025-10-05T05:16:13.249+0000] {subprocess.py:93} INFO - [0m05:16:13  1 of 1 OK created sql incremental model public.retail_transactions_scd ......... [[32mINSERT 0 13[0m in 1.02s]
[2025-10-05T05:16:13.499+0000] {subprocess.py:93} INFO - [0m05:16:13
[2025-10-05T05:16:13.503+0000] {subprocess.py:93} INFO - [0m05:16:13  Finished running 1 incremental model in 0 hours 0 minutes and 2.40 seconds (2.40s).
[2025-10-05T05:16:13.684+0000] {subprocess.py:93} INFO - [0m05:16:13
[2025-10-05T05:16:13.687+0000] {subprocess.py:93} INFO - [0m05:16:13  [32mCompleted successfully[0m
[2025-10-05T05:16:13.694+0000] {subprocess.py:93} INFO - [0m05:16:13
[2025-10-05T05:16:13.701+0000] {subprocess.py:93} INFO - [0m05:16:13  Done. PASS=1 WARN=0 ERROR=0 SKIP=0 TOTAL=1
[2025-10-05T05:16:20.553+0000] {subprocess.py:97} INFO - Command exited with return code 0
[2025-10-05T05:16:20.578+0000] {taskinstance.py:441} INFO - ::group::Post task execution logs
[2025-10-05T05:16:20.935+0000] {taskinstance.py:1206} INFO - Marking task as SUCCESS. dag_id=retail_hourly_etl, task_id=retail_transactions_scd, run_id=scheduled__2025-10-05T04:00:00+00:00, execution_date=20251005T040000, start_date=20251005T051554, end_date=20251005T051620
[2025-10-05T05:16:21.304+0000] {local_task_job_runner.py:243} INFO - Task exited with return code 0
[2025-10-05T05:16:21.498+0000] {taskinstance.py:3503} INFO - 0 downstream tasks scheduled from follow-on schedule check
[2025-10-05T05:16:21.505+0000] {local_task_job_runner.py:222} INFO - ::endgroup::
