[2025-10-04T14:38:58.267+0000] {local_task_job_runner.py:120} INFO - ::group::Pre task execution logs
[2025-10-04T14:38:58.580+0000] {taskinstance.py:2076} INFO - Dependencies all met for dep_context=non-requeueable deps ti=<TaskInstance: retail_hourly_etl.retail_transactions manual__2025-10-04T14:10:27.212560+00:00 [queued]>
[2025-10-04T14:38:58.628+0000] {taskinstance.py:2076} INFO - Dependencies all met for dep_context=requeueable deps ti=<TaskInstance: retail_hourly_etl.retail_transactions manual__2025-10-04T14:10:27.212560+00:00 [queued]>
[2025-10-04T14:38:58.630+0000] {taskinstance.py:2306} INFO - Starting attempt 2 of 2
[2025-10-04T14:38:58.686+0000] {taskinstance.py:2330} INFO - Executing <Task(BashOperator): retail_transactions> on 2025-10-04 14:10:27.212560+00:00
[2025-10-04T14:38:58.721+0000] {standard_task_runner.py:90} INFO - Running: ['***', 'tasks', 'run', 'retail_hourly_etl', 'retail_transactions', 'manual__2025-10-04T14:10:27.212560+00:00', '--job-id', '32', '--raw', '--subdir', 'DAGS_FOLDER/retail_hourly_etl.py', '--cfg-path', '/tmp/tmpj0gukbxg']
[2025-10-04T14:38:58.732+0000] {logging_mixin.py:188} WARNING - /home/***/.local/lib/python3.12/site-packages/***/task/task_runner/standard_task_runner.py:62 DeprecationWarning: This process (pid=193) is multi-threaded, use of fork() may lead to deadlocks in the child.
[2025-10-04T14:38:58.737+0000] {standard_task_runner.py:91} INFO - Job 32: Subtask retail_transactions
[2025-10-04T14:38:58.738+0000] {standard_task_runner.py:64} INFO - Started process 194 to run task
[2025-10-04T14:38:59.365+0000] {task_command.py:426} INFO - Running <TaskInstance: retail_hourly_etl.retail_transactions manual__2025-10-04T14:10:27.212560+00:00 [running]> on host a12b782eaca0
[2025-10-04T14:39:00.097+0000] {taskinstance.py:2648} INFO - Exporting env vars: AIRFLOW_CTX_DAG_OWNER='***' AIRFLOW_CTX_DAG_ID='retail_hourly_etl' AIRFLOW_CTX_TASK_ID='retail_transactions' AIRFLOW_CTX_EXECUTION_DATE='2025-10-04T14:10:27.212560+00:00' AIRFLOW_CTX_TRY_NUMBER='2' AIRFLOW_CTX_DAG_RUN_ID='manual__2025-10-04T14:10:27.212560+00:00'
[2025-10-04T14:39:00.109+0000] {taskinstance.py:430} INFO - ::endgroup::
[2025-10-04T14:39:00.245+0000] {subprocess.py:63} INFO - Tmp dir root location: /tmp
[2025-10-04T14:39:00.255+0000] {subprocess.py:75} INFO - Running command: ['/usr/bin/bash', '-c', 'python /opt/***/public/retail_transactions.py || exit 3']
[2025-10-04T14:39:00.323+0000] {subprocess.py:86} INFO - Output:
[2025-10-04T14:39:17.098+0000] {subprocess.py:93} INFO - 2025-10-04 14:39:17,097 - INFO - Running DBT command: run --select tag:retail_transactions --target prod --project-dir /opt/***/dbt --profiles-dir /opt/***/dbt
[2025-10-04T14:39:17.680+0000] {subprocess.py:93} INFO - [0m14:39:17  Running with dbt=1.8.9
[2025-10-04T14:39:18.694+0000] {subprocess.py:93} INFO - [0m14:39:18  Registered adapter: postgres=1.8.2
[2025-10-04T14:39:19.428+0000] {subprocess.py:93} INFO - [0m14:39:19  Unable to do partial parsing because of a version mismatch
[2025-10-04T14:39:24.446+0000] {subprocess.py:93} INFO - [0m14:39:24  [[33mWARNING[0m]: Configuration paths exist in your dbt_project.yml file which do not apply to any resources.
[2025-10-04T14:39:24.453+0000] {subprocess.py:93} INFO - There are 1 unused configuration paths:
[2025-10-04T14:39:24.454+0000] {subprocess.py:93} INFO - - models.lionparcel_dwh.staging
[2025-10-04T14:39:25.138+0000] {subprocess.py:93} INFO - [0m14:39:25  Found 1 model, 1 source, 433 macros
[2025-10-04T14:39:25.150+0000] {subprocess.py:93} INFO - [0m14:39:25
[2025-10-04T14:39:26.478+0000] {subprocess.py:93} INFO - [0m14:39:26  Concurrency: 4 threads (target='prod')
[2025-10-04T14:39:26.482+0000] {subprocess.py:93} INFO - [0m14:39:26
[2025-10-04T14:39:26.516+0000] {subprocess.py:93} INFO - [0m14:39:26  1 of 1 START sql incremental model public.retail_transactions .................. [RUN]
[2025-10-04T14:39:27.587+0000] {subprocess.py:93} INFO - [0m14:39:27  1 of 1 OK created sql incremental model public.retail_transactions ............. [[32mMERGE 20[0m in 1.06s]
[2025-10-04T14:39:27.758+0000] {subprocess.py:93} INFO - [0m14:39:27
[2025-10-04T14:39:27.761+0000] {subprocess.py:93} INFO - [0m14:39:27  Finished running 1 incremental model in 0 hours 0 minutes and 2.60 seconds (2.60s).
[2025-10-04T14:39:27.925+0000] {subprocess.py:93} INFO - [0m14:39:27
[2025-10-04T14:39:27.929+0000] {subprocess.py:93} INFO - [0m14:39:27  [32mCompleted successfully[0m
[2025-10-04T14:39:27.933+0000] {subprocess.py:93} INFO - [0m14:39:27
[2025-10-04T14:39:27.938+0000] {subprocess.py:93} INFO - [0m14:39:27  Done. PASS=1 WARN=0 ERROR=0 SKIP=0 TOTAL=1
[2025-10-04T14:39:29.887+0000] {subprocess.py:97} INFO - Command exited with return code 0
[2025-10-04T14:39:29.896+0000] {taskinstance.py:441} INFO - ::group::Post task execution logs
[2025-10-04T14:39:30.083+0000] {taskinstance.py:1206} INFO - Marking task as SUCCESS. dag_id=retail_hourly_etl, task_id=retail_transactions, run_id=manual__2025-10-04T14:10:27.212560+00:00, execution_date=20251004T141027, start_date=20251004T143858, end_date=20251004T143930
[2025-10-04T14:39:30.188+0000] {local_task_job_runner.py:243} INFO - Task exited with return code 0
[2025-10-04T14:39:30.258+0000] {taskinstance.py:3503} INFO - 0 downstream tasks scheduled from follow-on schedule check
[2025-10-04T14:39:30.265+0000] {local_task_job_runner.py:222} INFO - ::endgroup::
