[2025-10-05T05:08:22.008+0000] {local_task_job_runner.py:120} INFO - ::group::Pre task execution logs
[2025-10-05T05:08:22.124+0000] {taskinstance.py:2076} INFO - Dependencies all met for dep_context=non-requeueable deps ti=<TaskInstance: retail_hourly_etl.source_transaction_lion_parcel scheduled__2025-10-05T04:00:00+00:00 [queued]>
[2025-10-05T05:08:22.150+0000] {taskinstance.py:2076} INFO - Dependencies all met for dep_context=requeueable deps ti=<TaskInstance: retail_hourly_etl.source_transaction_lion_parcel scheduled__2025-10-05T04:00:00+00:00 [queued]>
[2025-10-05T05:08:22.152+0000] {taskinstance.py:2306} INFO - Starting attempt 1 of 1
[2025-10-05T05:08:22.198+0000] {taskinstance.py:2330} INFO - Executing <Task(BashOperator): source_transaction_lion_parcel> on 2025-10-05 04:00:00+00:00
[2025-10-05T05:08:22.241+0000] {logging_mixin.py:188} WARNING - /home/***/.local/lib/python3.12/site-packages/***/task/task_runner/standard_task_runner.py:62 DeprecationWarning: This process (pid=167) is multi-threaded, use of fork() may lead to deadlocks in the child.
[2025-10-05T05:08:22.248+0000] {standard_task_runner.py:64} INFO - Started process 173 to run task
[2025-10-05T05:08:22.259+0000] {standard_task_runner.py:90} INFO - Running: ['***', 'tasks', 'run', 'retail_hourly_etl', 'source_transaction_lion_parcel', 'scheduled__2025-10-05T04:00:00+00:00', '--job-id', '48', '--raw', '--subdir', 'DAGS_FOLDER/retail_hourly_etl.py', '--cfg-path', '/tmp/tmp0_m2hppe']
[2025-10-05T05:08:22.271+0000] {standard_task_runner.py:91} INFO - Job 48: Subtask source_transaction_lion_parcel
[2025-10-05T05:08:22.614+0000] {task_command.py:426} INFO - Running <TaskInstance: retail_hourly_etl.source_transaction_lion_parcel scheduled__2025-10-05T04:00:00+00:00 [running]> on host 4be1e35054da
[2025-10-05T05:08:24.997+0000] {taskinstance.py:2648} INFO - Exporting env vars: AIRFLOW_CTX_DAG_OWNER='***' AIRFLOW_CTX_DAG_ID='retail_hourly_etl' AIRFLOW_CTX_TASK_ID='source_transaction_lion_parcel' AIRFLOW_CTX_EXECUTION_DATE='2025-10-05T04:00:00+00:00' AIRFLOW_CTX_TRY_NUMBER='1' AIRFLOW_CTX_DAG_RUN_ID='scheduled__2025-10-05T04:00:00+00:00'
[2025-10-05T05:08:25.124+0000] {taskinstance.py:430} INFO - ::endgroup::
[2025-10-05T05:08:39.790+0000] {subprocess.py:63} INFO - Tmp dir root location: /tmp
[2025-10-05T05:08:40.404+0000] {subprocess.py:75} INFO - Running command: ['/usr/bin/bash', '-c', 'python /opt/***/public/source_transaction_lion_parcel.py || exit 3']
[2025-10-05T05:08:47.845+0000] {subprocess.py:86} INFO - Output:
[2025-10-05T05:09:47.135+0000] {subprocess.py:93} INFO - 2025-10-05 05:09:47,072 - INFO - Database connection established successfully.
[2025-10-05T05:09:47.312+0000] {subprocess.py:93} INFO - 2025-10-05 05:09:47,076 - INFO - Database connection established successfully.
[2025-10-05T05:09:48.704+0000] {subprocess.py:93} INFO - <class 'pandas.core.frame.DataFrame'>
[2025-10-05T05:09:48.720+0000] {subprocess.py:93} INFO - RangeIndex: 6 entries, 0 to 5
[2025-10-05T05:09:48.729+0000] {subprocess.py:93} INFO - Data columns (total 8 columns):
[2025-10-05T05:09:48.736+0000] {subprocess.py:93} INFO -  #   Column           Non-Null Count  Dtype
[2025-10-05T05:09:48.740+0000] {subprocess.py:93} INFO - ---  ------           --------------  -----
[2025-10-05T05:09:48.744+0000] {subprocess.py:93} INFO -  0   id               6 non-null      int64
[2025-10-05T05:09:48.747+0000] {subprocess.py:93} INFO -  1   customer_id      6 non-null      object
[2025-10-05T05:09:48.751+0000] {subprocess.py:93} INFO -  2   last_status      6 non-null      object
[2025-10-05T05:09:48.755+0000] {subprocess.py:93} INFO -  3   pos_origin       6 non-null      object
[2025-10-05T05:09:48.759+0000] {subprocess.py:93} INFO -  4   pos_destination  6 non-null      object
[2025-10-05T05:09:48.763+0000] {subprocess.py:93} INFO -  5   created_at       6 non-null      datetime64[ns, UTC]
[2025-10-05T05:09:48.766+0000] {subprocess.py:93} INFO -  6   updated_at       6 non-null      datetime64[ns, UTC]
[2025-10-05T05:09:48.770+0000] {subprocess.py:93} INFO -  7   loaded_at        6 non-null      datetime64[ns, UTC]
[2025-10-05T05:09:48.774+0000] {subprocess.py:93} INFO - dtypes: datetime64[ns, UTC](3), int64(1), object(4)
[2025-10-05T05:09:48.788+0000] {subprocess.py:93} INFO - memory usage: 1.6 KB
[2025-10-05T05:09:48.801+0000] {subprocess.py:93} INFO - <class 'pandas.core.frame.DataFrame'>
[2025-10-05T05:09:48.808+0000] {subprocess.py:93} INFO - RangeIndex: 6 entries, 0 to 5
[2025-10-05T05:09:48.812+0000] {subprocess.py:93} INFO - Data columns (total 8 columns):
[2025-10-05T05:09:48.816+0000] {subprocess.py:93} INFO -  #   Column           Non-Null Count  Dtype
[2025-10-05T05:09:48.829+0000] {subprocess.py:93} INFO - ---  ------           --------------  -----
[2025-10-05T05:09:48.838+0000] {subprocess.py:93} INFO -  0   id               6 non-null      int64
[2025-10-05T05:09:48.844+0000] {subprocess.py:93} INFO -  1   customer_id      6 non-null      object
[2025-10-05T05:09:48.847+0000] {subprocess.py:93} INFO -  2   last_status      6 non-null      object
[2025-10-05T05:09:48.850+0000] {subprocess.py:93} INFO -  3   pos_origin       6 non-null      object
[2025-10-05T05:09:48.852+0000] {subprocess.py:93} INFO -  4   pos_destination  6 non-null      object
[2025-10-05T05:09:48.854+0000] {subprocess.py:93} INFO -  5   created_at       6 non-null      datetime64[ns, UTC]
[2025-10-05T05:09:48.856+0000] {subprocess.py:93} INFO -  6   updated_at       6 non-null      datetime64[ns, UTC]
[2025-10-05T05:09:48.857+0000] {subprocess.py:93} INFO -  7   loaded_at        6 non-null      datetime64[ns, UTC]
[2025-10-05T05:09:48.860+0000] {subprocess.py:93} INFO - dtypes: datetime64[ns, UTC](3), int64(1), object(4)
[2025-10-05T05:09:48.862+0000] {subprocess.py:93} INFO - memory usage: 1.6 KB
[2025-10-05T05:09:49.638+0000] {subprocess.py:97} INFO - Command exited with return code 0
[2025-10-05T05:09:49.696+0000] {taskinstance.py:441} INFO - ::group::Post task execution logs
[2025-10-05T05:09:50.674+0000] {taskinstance.py:1206} INFO - Marking task as SUCCESS. dag_id=retail_hourly_etl, task_id=source_transaction_lion_parcel, run_id=scheduled__2025-10-05T04:00:00+00:00, execution_date=20251005T040000, start_date=20251005T050822, end_date=20251005T050950
[2025-10-05T05:09:51.029+0000] {local_task_job_runner.py:243} INFO - Task exited with return code 0
[2025-10-05T05:09:52.176+0000] {taskinstance.py:3503} INFO - 1 downstream tasks scheduled from follow-on schedule check
[2025-10-05T05:09:52.211+0000] {local_task_job_runner.py:222} INFO - ::endgroup::
