[2025-10-04T17:00:19.708+0000] {local_task_job_runner.py:120} INFO - ::group::Pre task execution logs
[2025-10-04T17:00:19.899+0000] {taskinstance.py:2076} INFO - Dependencies all met for dep_context=non-requeueable deps ti=<TaskInstance: retail_hourly_etl.retail_transactions scheduled__2025-10-04T16:00:00+00:00 [queued]>
[2025-10-04T17:00:19.928+0000] {taskinstance.py:2076} INFO - Dependencies all met for dep_context=requeueable deps ti=<TaskInstance: retail_hourly_etl.retail_transactions scheduled__2025-10-04T16:00:00+00:00 [queued]>
[2025-10-04T17:00:19.929+0000] {taskinstance.py:2306} INFO - Starting attempt 1 of 1
[2025-10-04T17:00:19.977+0000] {taskinstance.py:2330} INFO - Executing <Task(BashOperator): retail_transactions> on 2025-10-04 16:00:00+00:00
[2025-10-04T17:00:20.018+0000] {standard_task_runner.py:90} INFO - Running: ['***', 'tasks', 'run', 'retail_hourly_etl', 'retail_transactions', 'scheduled__2025-10-04T16:00:00+00:00', '--job-id', '43', '--raw', '--subdir', 'DAGS_FOLDER/retail_hourly_etl.py', '--cfg-path', '/tmp/tmp2tfejhz_']
[2025-10-04T17:00:20.025+0000] {standard_task_runner.py:91} INFO - Job 43: Subtask retail_transactions
[2025-10-04T17:00:20.024+0000] {logging_mixin.py:188} WARNING - /home/***/.local/lib/python3.12/site-packages/***/task/task_runner/standard_task_runner.py:62 DeprecationWarning: This process (pid=1368) is multi-threaded, use of fork() may lead to deadlocks in the child.
[2025-10-04T17:00:20.026+0000] {standard_task_runner.py:64} INFO - Started process 1369 to run task
[2025-10-04T17:00:20.253+0000] {task_command.py:426} INFO - Running <TaskInstance: retail_hourly_etl.retail_transactions scheduled__2025-10-04T16:00:00+00:00 [running]> on host 7e205b81c5ae
[2025-10-04T17:00:20.587+0000] {taskinstance.py:2648} INFO - Exporting env vars: AIRFLOW_CTX_DAG_OWNER='***' AIRFLOW_CTX_DAG_ID='retail_hourly_etl' AIRFLOW_CTX_TASK_ID='retail_transactions' AIRFLOW_CTX_EXECUTION_DATE='2025-10-04T16:00:00+00:00' AIRFLOW_CTX_TRY_NUMBER='1' AIRFLOW_CTX_DAG_RUN_ID='scheduled__2025-10-04T16:00:00+00:00'
[2025-10-04T17:00:20.590+0000] {taskinstance.py:430} INFO - ::endgroup::
[2025-10-04T17:00:20.647+0000] {subprocess.py:63} INFO - Tmp dir root location: /tmp
[2025-10-04T17:00:20.651+0000] {subprocess.py:75} INFO - Running command: ['/usr/bin/bash', '-c', 'python /opt/***/public/retail_transactions.py || exit 3']
[2025-10-04T17:00:20.696+0000] {subprocess.py:86} INFO - Output:
[2025-10-04T17:00:30.477+0000] {subprocess.py:93} INFO - 2025-10-04 17:00:30,475 - INFO - Running DBT command: run --select tag:retail_transactions --target prod --project-dir /opt/***/dbt --profiles-dir /opt/***/dbt
[2025-10-04T17:00:30.802+0000] {subprocess.py:93} INFO - [0m17:00:30  Running with dbt=1.8.9
[2025-10-04T17:00:32.294+0000] {subprocess.py:93} INFO - [0m17:00:32  Registered adapter: postgres=1.8.2
[2025-10-04T17:00:35.215+0000] {subprocess.py:93} INFO - [0m17:00:35  [[33mWARNING[0m]: Configuration paths exist in your dbt_project.yml file which do not apply to any resources.
[2025-10-04T17:00:35.224+0000] {subprocess.py:93} INFO - There are 1 unused configuration paths:
[2025-10-04T17:00:35.227+0000] {subprocess.py:93} INFO - - models.lionparcel_dwh.staging
[2025-10-04T17:00:37.090+0000] {subprocess.py:93} INFO - [0m17:00:37  Found 2 models, 1 source, 433 macros
[2025-10-04T17:00:37.108+0000] {subprocess.py:93} INFO - [0m17:00:37
[2025-10-04T17:00:40.682+0000] {subprocess.py:93} INFO - [0m17:00:40  Concurrency: 4 threads (target='prod')
[2025-10-04T17:00:40.703+0000] {subprocess.py:93} INFO - [0m17:00:40
[2025-10-04T17:00:40.830+0000] {subprocess.py:93} INFO - [0m17:00:40  1 of 1 START sql incremental model public.retail_transactions .................. [RUN]
[2025-10-04T17:00:42.218+0000] {subprocess.py:93} INFO - [0m17:00:42  1 of 1 OK created sql incremental model public.retail_transactions ............. [[32mMERGE 20[0m in 1.36s]
[2025-10-04T17:00:42.397+0000] {subprocess.py:93} INFO - [0m17:00:42
[2025-10-04T17:00:42.402+0000] {subprocess.py:93} INFO - [0m17:00:42  Finished running 1 incremental model in 0 hours 0 minutes and 5.29 seconds (5.29s).
[2025-10-04T17:00:42.549+0000] {subprocess.py:93} INFO - [0m17:00:42
[2025-10-04T17:00:42.553+0000] {subprocess.py:93} INFO - [0m17:00:42  [32mCompleted successfully[0m
[2025-10-04T17:00:42.556+0000] {subprocess.py:93} INFO - [0m17:00:42
[2025-10-04T17:00:42.560+0000] {subprocess.py:93} INFO - [0m17:00:42  Done. PASS=1 WARN=0 ERROR=0 SKIP=0 TOTAL=1
[2025-10-04T17:00:44.570+0000] {subprocess.py:97} INFO - Command exited with return code 0
[2025-10-04T17:00:44.583+0000] {taskinstance.py:441} INFO - ::group::Post task execution logs
[2025-10-04T17:00:44.862+0000] {taskinstance.py:1206} INFO - Marking task as SUCCESS. dag_id=retail_hourly_etl, task_id=retail_transactions, run_id=scheduled__2025-10-04T16:00:00+00:00, execution_date=20251004T160000, start_date=20251004T170019, end_date=20251004T170044
[2025-10-04T17:00:45.024+0000] {local_task_job_runner.py:243} INFO - Task exited with return code 0
[2025-10-04T17:00:45.119+0000] {local_task_job_runner.py:222} INFO - ::endgroup::
