[2025-10-04T14:42:25.555+0000] {local_task_job_runner.py:120} INFO - ::group::Pre task execution logs
[2025-10-04T14:42:26.032+0000] {taskinstance.py:2076} INFO - Dependencies all met for dep_context=non-requeueable deps ti=<TaskInstance: retail_hourly_etl.source_transaction_lion_parcel scheduled__2025-10-04T13:00:00+00:00 [queued]>
[2025-10-04T14:42:26.070+0000] {taskinstance.py:2076} INFO - Dependencies all met for dep_context=requeueable deps ti=<TaskInstance: retail_hourly_etl.source_transaction_lion_parcel scheduled__2025-10-04T13:00:00+00:00 [queued]>
[2025-10-04T14:42:26.072+0000] {taskinstance.py:2306} INFO - Starting attempt 2 of 2
[2025-10-04T14:42:26.176+0000] {taskinstance.py:2330} INFO - Executing <Task(BashOperator): source_transaction_lion_parcel> on 2025-10-04 13:00:00+00:00
[2025-10-04T14:42:26.205+0000] {standard_task_runner.py:90} INFO - Running: ['***', 'tasks', 'run', 'retail_hourly_etl', 'source_transaction_lion_parcel', 'scheduled__2025-10-04T13:00:00+00:00', '--job-id', '33', '--raw', '--subdir', 'DAGS_FOLDER/retail_hourly_etl.py', '--cfg-path', '/tmp/tmp1wklvfuo']
[2025-10-04T14:42:26.213+0000] {standard_task_runner.py:91} INFO - Job 33: Subtask source_transaction_lion_parcel
[2025-10-04T14:42:26.217+0000] {logging_mixin.py:188} WARNING - /home/***/.local/lib/python3.12/site-packages/***/task/task_runner/standard_task_runner.py:62 DeprecationWarning: This process (pid=238) is multi-threaded, use of fork() may lead to deadlocks in the child.
[2025-10-04T14:42:26.222+0000] {standard_task_runner.py:64} INFO - Started process 239 to run task
[2025-10-04T14:42:26.834+0000] {task_command.py:426} INFO - Running <TaskInstance: retail_hourly_etl.source_transaction_lion_parcel scheduled__2025-10-04T13:00:00+00:00 [running]> on host a12b782eaca0
[2025-10-04T14:42:27.146+0000] {taskinstance.py:2648} INFO - Exporting env vars: AIRFLOW_CTX_DAG_OWNER='***' AIRFLOW_CTX_DAG_ID='retail_hourly_etl' AIRFLOW_CTX_TASK_ID='source_transaction_lion_parcel' AIRFLOW_CTX_EXECUTION_DATE='2025-10-04T13:00:00+00:00' AIRFLOW_CTX_TRY_NUMBER='2' AIRFLOW_CTX_DAG_RUN_ID='scheduled__2025-10-04T13:00:00+00:00'
[2025-10-04T14:42:27.150+0000] {taskinstance.py:430} INFO - ::endgroup::
[2025-10-04T14:42:27.275+0000] {subprocess.py:63} INFO - Tmp dir root location: /tmp
[2025-10-04T14:42:27.289+0000] {subprocess.py:75} INFO - Running command: ['/usr/bin/bash', '-c', 'python /opt/***/public/source_transaction_lion_parcel.py || exit 3']
[2025-10-04T14:42:27.331+0000] {subprocess.py:86} INFO - Output:
[2025-10-04T14:42:33.970+0000] {subprocess.py:93} INFO - 2025-10-04 14:42:33,969 - INFO - Database connection established successfully.
[2025-10-04T14:42:33.973+0000] {subprocess.py:93} INFO - 2025-10-04 14:42:33,970 - INFO - Database connection established successfully.
[2025-10-04T14:42:34.647+0000] {subprocess.py:93} INFO - <class 'pandas.core.frame.DataFrame'>
[2025-10-04T14:42:34.649+0000] {subprocess.py:93} INFO - RangeIndex: 20 entries, 0 to 19
[2025-10-04T14:42:34.656+0000] {subprocess.py:93} INFO - Data columns (total 8 columns):
[2025-10-04T14:42:34.659+0000] {subprocess.py:93} INFO -  #   Column           Non-Null Count  Dtype
[2025-10-04T14:42:34.660+0000] {subprocess.py:93} INFO - ---  ------           --------------  -----
[2025-10-04T14:42:34.661+0000] {subprocess.py:93} INFO -  0   id               20 non-null     int64
[2025-10-04T14:42:34.663+0000] {subprocess.py:93} INFO -  1   customer_id      20 non-null     int64
[2025-10-04T14:42:34.664+0000] {subprocess.py:93} INFO -  2   last_status      20 non-null     object
[2025-10-04T14:42:34.665+0000] {subprocess.py:93} INFO -  3   pos_origin       20 non-null     object
[2025-10-04T14:42:34.666+0000] {subprocess.py:93} INFO -  4   pos_destination  20 non-null     object
[2025-10-04T14:42:34.667+0000] {subprocess.py:93} INFO -  5   created_at       20 non-null     datetime64[ns, UTC]
[2025-10-04T14:42:34.668+0000] {subprocess.py:93} INFO -  6   updated_at       20 non-null     datetime64[ns, UTC]
[2025-10-04T14:42:34.669+0000] {subprocess.py:93} INFO -  7   deleted_at       2 non-null      datetime64[ns, UTC]
[2025-10-04T14:42:34.671+0000] {subprocess.py:93} INFO - dtypes: datetime64[ns, UTC](3), int64(2), object(3)
[2025-10-04T14:42:34.672+0000] {subprocess.py:93} INFO - memory usage: 4.2 KB
[2025-10-04T14:42:34.673+0000] {subprocess.py:93} INFO - <class 'pandas.core.frame.DataFrame'>
[2025-10-04T14:42:34.674+0000] {subprocess.py:93} INFO - RangeIndex: 20 entries, 0 to 19
[2025-10-04T14:42:34.676+0000] {subprocess.py:93} INFO - Data columns (total 8 columns):
[2025-10-04T14:42:34.677+0000] {subprocess.py:93} INFO -  #   Column           Non-Null Count  Dtype
[2025-10-04T14:42:34.678+0000] {subprocess.py:93} INFO - ---  ------           --------------  -----
[2025-10-04T14:42:34.680+0000] {subprocess.py:93} INFO -  0   id               20 non-null     int64
[2025-10-04T14:42:34.681+0000] {subprocess.py:93} INFO -  1   customer_id      20 non-null     int64
[2025-10-04T14:42:34.682+0000] {subprocess.py:93} INFO -  2   last_status      20 non-null     object
[2025-10-04T14:42:34.683+0000] {subprocess.py:93} INFO -  3   pos_origin       20 non-null     object
[2025-10-04T14:42:34.685+0000] {subprocess.py:93} INFO -  4   pos_destination  20 non-null     object
[2025-10-04T14:42:34.686+0000] {subprocess.py:93} INFO -  5   created_at       20 non-null     datetime64[ns, UTC]
[2025-10-04T14:42:34.687+0000] {subprocess.py:93} INFO -  6   updated_at       20 non-null     datetime64[ns, UTC]
[2025-10-04T14:42:34.688+0000] {subprocess.py:93} INFO -  7   deleted_at       2 non-null      datetime64[ns, UTC]
[2025-10-04T14:42:34.689+0000] {subprocess.py:93} INFO - dtypes: datetime64[ns, UTC](3), int64(2), object(3)
[2025-10-04T14:42:34.691+0000] {subprocess.py:93} INFO - memory usage: 4.2 KB
[2025-10-04T14:42:35.003+0000] {subprocess.py:97} INFO - Command exited with return code 0
[2025-10-04T14:42:35.006+0000] {taskinstance.py:441} INFO - ::group::Post task execution logs
[2025-10-04T14:42:35.069+0000] {taskinstance.py:1206} INFO - Marking task as SUCCESS. dag_id=retail_hourly_etl, task_id=source_transaction_lion_parcel, run_id=scheduled__2025-10-04T13:00:00+00:00, execution_date=20251004T130000, start_date=20251004T144226, end_date=20251004T144235
[2025-10-04T14:42:35.141+0000] {local_task_job_runner.py:243} INFO - Task exited with return code 0
[2025-10-04T14:42:35.194+0000] {taskinstance.py:3503} INFO - 1 downstream tasks scheduled from follow-on schedule check
[2025-10-04T14:42:35.200+0000] {local_task_job_runner.py:222} INFO - ::endgroup::
