[2025-10-05T05:22:24.982+0000] {local_task_job_runner.py:120} INFO - ::group::Pre task execution logs
[2025-10-05T05:22:25.171+0000] {taskinstance.py:2076} INFO - Dependencies all met for dep_context=non-requeueable deps ti=<TaskInstance: retail_hourly_etl.retail_transactions_scd manual__2025-10-05T05:18:04.339657+00:00 [queued]>
[2025-10-05T05:22:25.204+0000] {taskinstance.py:2076} INFO - Dependencies all met for dep_context=requeueable deps ti=<TaskInstance: retail_hourly_etl.retail_transactions_scd manual__2025-10-05T05:18:04.339657+00:00 [queued]>
[2025-10-05T05:22:25.206+0000] {taskinstance.py:2306} INFO - Starting attempt 3 of 3
[2025-10-05T05:22:25.262+0000] {taskinstance.py:2330} INFO - Executing <Task(BashOperator): retail_transactions_scd> on 2025-10-05 05:18:04.339657+00:00
[2025-10-05T05:22:25.302+0000] {standard_task_runner.py:90} INFO - Running: ['***', 'tasks', 'run', 'retail_hourly_etl', 'retail_transactions_scd', 'manual__2025-10-05T05:18:04.339657+00:00', '--job-id', '57', '--raw', '--subdir', 'DAGS_FOLDER/retail_hourly_etl.py', '--cfg-path', '/tmp/tmpkd7ilkmu']
[2025-10-05T05:22:25.313+0000] {standard_task_runner.py:91} INFO - Job 57: Subtask retail_transactions_scd
[2025-10-05T05:22:25.322+0000] {logging_mixin.py:188} WARNING - /home/***/.local/lib/python3.12/site-packages/***/task/task_runner/standard_task_runner.py:62 DeprecationWarning: This process (pid=527) is multi-threaded, use of fork() may lead to deadlocks in the child.
[2025-10-05T05:22:25.324+0000] {standard_task_runner.py:64} INFO - Started process 528 to run task
[2025-10-05T05:22:25.621+0000] {task_command.py:426} INFO - Running <TaskInstance: retail_hourly_etl.retail_transactions_scd manual__2025-10-05T05:18:04.339657+00:00 [running]> on host 4be1e35054da
[2025-10-05T05:22:25.895+0000] {taskinstance.py:2648} INFO - Exporting env vars: AIRFLOW_CTX_DAG_OWNER='***' AIRFLOW_CTX_DAG_ID='retail_hourly_etl' AIRFLOW_CTX_TASK_ID='retail_transactions_scd' AIRFLOW_CTX_EXECUTION_DATE='2025-10-05T05:18:04.339657+00:00' AIRFLOW_CTX_TRY_NUMBER='3' AIRFLOW_CTX_DAG_RUN_ID='manual__2025-10-05T05:18:04.339657+00:00'
[2025-10-05T05:22:25.900+0000] {taskinstance.py:430} INFO - ::endgroup::
[2025-10-05T05:22:26.003+0000] {subprocess.py:63} INFO - Tmp dir root location: /tmp
[2025-10-05T05:22:26.007+0000] {subprocess.py:75} INFO - Running command: ['/usr/bin/bash', '-c', 'python /opt/***/public/retail_transactions_scd.py || exit 3']
[2025-10-05T05:22:26.036+0000] {subprocess.py:86} INFO - Output:
[2025-10-05T05:22:38.045+0000] {subprocess.py:93} INFO - 2025-10-05 05:22:38,044 - INFO - Running DBT command: run --select tag:retail_transactions_scd --target prod --project-dir /opt/***/dbt --profiles-dir /opt/***/dbt
[2025-10-05T05:22:38.502+0000] {subprocess.py:93} INFO - [0m05:22:38  Running with dbt=1.8.9
[2025-10-05T05:22:40.644+0000] {subprocess.py:93} INFO - [0m05:22:40  Registered adapter: postgres=1.8.2
[2025-10-05T05:22:42.841+0000] {subprocess.py:93} INFO - [0m05:22:42  [[33mWARNING[0m]: Configuration paths exist in your dbt_project.yml file which do not apply to any resources.
[2025-10-05T05:22:42.842+0000] {subprocess.py:93} INFO - There are 1 unused configuration paths:
[2025-10-05T05:22:42.845+0000] {subprocess.py:93} INFO - - models.lionparcel_dwh.staging
[2025-10-05T05:22:44.430+0000] {subprocess.py:93} INFO - [0m05:22:44  Found 3 models, 1 source, 433 macros
[2025-10-05T05:22:44.471+0000] {subprocess.py:93} INFO - [0m05:22:44
[2025-10-05T05:22:48.526+0000] {subprocess.py:93} INFO - [0m05:22:48  Concurrency: 4 threads (target='prod')
[2025-10-05T05:22:48.542+0000] {subprocess.py:93} INFO - [0m05:22:48
[2025-10-05T05:22:48.623+0000] {subprocess.py:93} INFO - [0m05:22:48  1 of 1 START sql incremental model public.retail_transactions_scd .............. [RUN]
[2025-10-05T05:22:50.563+0000] {subprocess.py:93} INFO - [0m05:22:50  1 of 1 OK created sql incremental model public.retail_transactions_scd ......... [[32mINSERT 0 15[0m in 1.87s]
[2025-10-05T05:22:50.888+0000] {subprocess.py:93} INFO - [0m05:22:50
[2025-10-05T05:22:50.897+0000] {subprocess.py:93} INFO - [0m05:22:50  Finished running 1 incremental model in 0 hours 0 minutes and 6.29 seconds (6.29s).
[2025-10-05T05:22:51.113+0000] {subprocess.py:93} INFO - [0m05:22:51
[2025-10-05T05:22:51.118+0000] {subprocess.py:93} INFO - [0m05:22:51  [32mCompleted successfully[0m
[2025-10-05T05:22:51.121+0000] {subprocess.py:93} INFO - [0m05:22:51
[2025-10-05T05:22:51.125+0000] {subprocess.py:93} INFO - [0m05:22:51  Done. PASS=1 WARN=0 ERROR=0 SKIP=0 TOTAL=1
[2025-10-05T05:23:10.581+0000] {subprocess.py:97} INFO - Command exited with return code 0
[2025-10-05T05:23:10.755+0000] {taskinstance.py:441} INFO - ::group::Post task execution logs
[2025-10-05T05:23:11.586+0000] {taskinstance.py:1206} INFO - Marking task as SUCCESS. dag_id=retail_hourly_etl, task_id=retail_transactions_scd, run_id=manual__2025-10-05T05:18:04.339657+00:00, execution_date=20251005T051804, start_date=20251005T052225, end_date=20251005T052311
[2025-10-05T05:23:12.229+0000] {local_task_job_runner.py:243} INFO - Task exited with return code 0
[2025-10-05T05:23:12.940+0000] {taskinstance.py:3503} INFO - 0 downstream tasks scheduled from follow-on schedule check
[2025-10-05T05:23:12.949+0000] {local_task_job_runner.py:222} INFO - ::endgroup::
