[2025-10-05T05:24:52.759+0000] {local_task_job_runner.py:120} INFO - ::group::Pre task execution logs
[2025-10-05T05:24:52.843+0000] {taskinstance.py:2076} INFO - Dependencies all met for dep_context=non-requeueable deps ti=<TaskInstance: retail_hourly_etl.retail_transactions_scd manual__2025-10-05T05:24:31.685818+00:00 [queued]>
[2025-10-05T05:24:52.864+0000] {taskinstance.py:2076} INFO - Dependencies all met for dep_context=requeueable deps ti=<TaskInstance: retail_hourly_etl.retail_transactions_scd manual__2025-10-05T05:24:31.685818+00:00 [queued]>
[2025-10-05T05:24:52.867+0000] {taskinstance.py:2306} INFO - Starting attempt 1 of 1
[2025-10-05T05:24:52.916+0000] {taskinstance.py:2330} INFO - Executing <Task(BashOperator): retail_transactions_scd> on 2025-10-05 05:24:31.685818+00:00
[2025-10-05T05:24:52.946+0000] {standard_task_runner.py:90} INFO - Running: ['***', 'tasks', 'run', 'retail_hourly_etl', 'retail_transactions_scd', 'manual__2025-10-05T05:24:31.685818+00:00', '--job-id', '59', '--raw', '--subdir', 'DAGS_FOLDER/retail_hourly_etl.py', '--cfg-path', '/tmp/tmpqccdfx1f']
[2025-10-05T05:24:52.960+0000] {standard_task_runner.py:91} INFO - Job 59: Subtask retail_transactions_scd
[2025-10-05T05:24:52.966+0000] {logging_mixin.py:188} WARNING - /home/***/.local/lib/python3.12/site-packages/***/task/task_runner/standard_task_runner.py:62 DeprecationWarning: This process (pid=590) is multi-threaded, use of fork() may lead to deadlocks in the child.
[2025-10-05T05:24:52.971+0000] {standard_task_runner.py:64} INFO - Started process 591 to run task
[2025-10-05T05:24:53.375+0000] {task_command.py:426} INFO - Running <TaskInstance: retail_hourly_etl.retail_transactions_scd manual__2025-10-05T05:24:31.685818+00:00 [running]> on host 4be1e35054da
[2025-10-05T05:24:53.765+0000] {taskinstance.py:2648} INFO - Exporting env vars: AIRFLOW_CTX_DAG_OWNER='***' AIRFLOW_CTX_DAG_ID='retail_hourly_etl' AIRFLOW_CTX_TASK_ID='retail_transactions_scd' AIRFLOW_CTX_EXECUTION_DATE='2025-10-05T05:24:31.685818+00:00' AIRFLOW_CTX_TRY_NUMBER='1' AIRFLOW_CTX_DAG_RUN_ID='manual__2025-10-05T05:24:31.685818+00:00'
[2025-10-05T05:24:53.769+0000] {taskinstance.py:430} INFO - ::endgroup::
[2025-10-05T05:24:53.826+0000] {subprocess.py:63} INFO - Tmp dir root location: /tmp
[2025-10-05T05:24:53.832+0000] {subprocess.py:75} INFO - Running command: ['/usr/bin/bash', '-c', 'python /opt/***/public/retail_transactions_scd.py || exit 3']
[2025-10-05T05:24:53.882+0000] {subprocess.py:86} INFO - Output:
[2025-10-05T05:25:10.071+0000] {subprocess.py:93} INFO - 2025-10-05 05:25:10,005 - INFO - Running DBT command: run --select tag:retail_transactions_scd --target prod --project-dir /opt/***/dbt --profiles-dir /opt/***/dbt
[2025-10-05T05:25:11.083+0000] {subprocess.py:93} INFO - [0m05:25:11  Running with dbt=1.8.9
[2025-10-05T05:25:12.873+0000] {subprocess.py:93} INFO - [0m05:25:12  Registered adapter: postgres=1.8.2
[2025-10-05T05:25:14.313+0000] {subprocess.py:93} INFO - [0m05:25:14  [[33mWARNING[0m]: Configuration paths exist in your dbt_project.yml file which do not apply to any resources.
[2025-10-05T05:25:14.314+0000] {subprocess.py:93} INFO - There are 1 unused configuration paths:
[2025-10-05T05:25:14.316+0000] {subprocess.py:93} INFO - - models.lionparcel_dwh.staging
[2025-10-05T05:25:14.893+0000] {subprocess.py:93} INFO - [0m05:25:14  Found 3 models, 1 source, 433 macros
[2025-10-05T05:25:14.908+0000] {subprocess.py:93} INFO - [0m05:25:14
[2025-10-05T05:25:16.211+0000] {subprocess.py:93} INFO - [0m05:25:16  Concurrency: 4 threads (target='prod')
[2025-10-05T05:25:16.218+0000] {subprocess.py:93} INFO - [0m05:25:16
[2025-10-05T05:25:16.279+0000] {subprocess.py:93} INFO - [0m05:25:16  1 of 1 START sql incremental model public.retail_transactions_scd .............. [RUN]
[2025-10-05T05:25:17.072+0000] {subprocess.py:93} INFO - [0m05:25:17  1 of 1 OK created sql incremental model public.retail_transactions_scd ......... [[32mINSERT 0 16[0m in 0.78s]
[2025-10-05T05:25:17.243+0000] {subprocess.py:93} INFO - [0m05:25:17
[2025-10-05T05:25:17.245+0000] {subprocess.py:93} INFO - [0m05:25:17  Finished running 1 incremental model in 0 hours 0 minutes and 2.33 seconds (2.33s).
[2025-10-05T05:25:17.408+0000] {subprocess.py:93} INFO - [0m05:25:17
[2025-10-05T05:25:17.412+0000] {subprocess.py:93} INFO - [0m05:25:17  [32mCompleted successfully[0m
[2025-10-05T05:25:17.416+0000] {subprocess.py:93} INFO - [0m05:25:17
[2025-10-05T05:25:17.418+0000] {subprocess.py:93} INFO - [0m05:25:17  Done. PASS=1 WARN=0 ERROR=0 SKIP=0 TOTAL=1
[2025-10-05T05:25:29.706+0000] {subprocess.py:97} INFO - Command exited with return code 0
[2025-10-05T05:25:29.884+0000] {taskinstance.py:441} INFO - ::group::Post task execution logs
[2025-10-05T05:25:39.167+0000] {taskinstance.py:1206} INFO - Marking task as SUCCESS. dag_id=retail_hourly_etl, task_id=retail_transactions_scd, run_id=manual__2025-10-05T05:24:31.685818+00:00, execution_date=20251005T052431, start_date=20251005T052452, end_date=20251005T052539
