[2025-10-05T05:24:37.554+0000] {local_task_job_runner.py:120} INFO - ::group::Pre task execution logs
[2025-10-05T05:24:37.946+0000] {taskinstance.py:2076} INFO - Dependencies all met for dep_context=non-requeueable deps ti=<TaskInstance: retail_hourly_etl.source_transaction_lion_parcel manual__2025-10-05T05:24:31.685818+00:00 [queued]>
[2025-10-05T05:24:37.991+0000] {taskinstance.py:2076} INFO - Dependencies all met for dep_context=requeueable deps ti=<TaskInstance: retail_hourly_etl.source_transaction_lion_parcel manual__2025-10-05T05:24:31.685818+00:00 [queued]>
[2025-10-05T05:24:37.993+0000] {taskinstance.py:2306} INFO - Starting attempt 1 of 1
[2025-10-05T05:24:38.063+0000] {taskinstance.py:2330} INFO - Executing <Task(BashOperator): source_transaction_lion_parcel> on 2025-10-05 05:24:31.685818+00:00
[2025-10-05T05:24:38.098+0000] {standard_task_runner.py:90} INFO - Running: ['***', 'tasks', 'run', 'retail_hourly_etl', 'source_transaction_lion_parcel', 'manual__2025-10-05T05:24:31.685818+00:00', '--job-id', '58', '--raw', '--subdir', 'DAGS_FOLDER/retail_hourly_etl.py', '--cfg-path', '/tmp/tmpfao7cd1o']
[2025-10-05T05:24:38.103+0000] {standard_task_runner.py:91} INFO - Job 58: Subtask source_transaction_lion_parcel
[2025-10-05T05:24:38.116+0000] {logging_mixin.py:188} WARNING - /home/***/.local/lib/python3.12/site-packages/***/task/task_runner/standard_task_runner.py:62 DeprecationWarning: This process (pid=582) is multi-threaded, use of fork() may lead to deadlocks in the child.
[2025-10-05T05:24:38.119+0000] {standard_task_runner.py:64} INFO - Started process 583 to run task
[2025-10-05T05:24:38.491+0000] {task_command.py:426} INFO - Running <TaskInstance: retail_hourly_etl.source_transaction_lion_parcel manual__2025-10-05T05:24:31.685818+00:00 [running]> on host 4be1e35054da
[2025-10-05T05:24:39.164+0000] {taskinstance.py:2648} INFO - Exporting env vars: AIRFLOW_CTX_DAG_OWNER='***' AIRFLOW_CTX_DAG_ID='retail_hourly_etl' AIRFLOW_CTX_TASK_ID='source_transaction_lion_parcel' AIRFLOW_CTX_EXECUTION_DATE='2025-10-05T05:24:31.685818+00:00' AIRFLOW_CTX_TRY_NUMBER='1' AIRFLOW_CTX_DAG_RUN_ID='manual__2025-10-05T05:24:31.685818+00:00'
[2025-10-05T05:24:39.167+0000] {taskinstance.py:430} INFO - ::endgroup::
[2025-10-05T05:24:39.281+0000] {subprocess.py:63} INFO - Tmp dir root location: /tmp
[2025-10-05T05:24:39.295+0000] {subprocess.py:75} INFO - Running command: ['/usr/bin/bash', '-c', 'python /opt/***/public/source_transaction_lion_parcel.py || exit 3']
[2025-10-05T05:24:39.359+0000] {subprocess.py:86} INFO - Output:
[2025-10-05T05:24:50.287+0000] {subprocess.py:93} INFO - 2025-10-05 05:24:50,287 - INFO - Database connection established successfully.
[2025-10-05T05:24:50.288+0000] {subprocess.py:93} INFO - 2025-10-05 05:24:50,287 - INFO - Database connection established successfully.
[2025-10-05T05:24:51.200+0000] {subprocess.py:93} INFO - <class 'pandas.core.frame.DataFrame'>
[2025-10-05T05:24:51.202+0000] {subprocess.py:93} INFO - RangeIndex: 6 entries, 0 to 5
[2025-10-05T05:24:51.203+0000] {subprocess.py:93} INFO - Data columns (total 8 columns):
[2025-10-05T05:24:51.205+0000] {subprocess.py:93} INFO -  #   Column           Non-Null Count  Dtype
[2025-10-05T05:24:51.206+0000] {subprocess.py:93} INFO - ---  ------           --------------  -----
[2025-10-05T05:24:51.208+0000] {subprocess.py:93} INFO -  0   id               6 non-null      int64
[2025-10-05T05:24:51.210+0000] {subprocess.py:93} INFO -  1   customer_id      6 non-null      object
[2025-10-05T05:24:51.213+0000] {subprocess.py:93} INFO -  2   last_status      6 non-null      object
[2025-10-05T05:24:51.214+0000] {subprocess.py:93} INFO -  3   pos_origin       6 non-null      object
[2025-10-05T05:24:51.218+0000] {subprocess.py:93} INFO -  4   pos_destination  6 non-null      object
[2025-10-05T05:24:51.220+0000] {subprocess.py:93} INFO -  5   created_at       6 non-null      datetime64[ns, UTC]
[2025-10-05T05:24:51.222+0000] {subprocess.py:93} INFO -  6   updated_at       6 non-null      datetime64[ns, UTC]
[2025-10-05T05:24:51.224+0000] {subprocess.py:93} INFO -  7   loaded_at        6 non-null      datetime64[ns, UTC]
[2025-10-05T05:24:51.225+0000] {subprocess.py:93} INFO - dtypes: datetime64[ns, UTC](3), int64(1), object(4)
[2025-10-05T05:24:51.227+0000] {subprocess.py:93} INFO - memory usage: 1.6 KB
[2025-10-05T05:24:51.228+0000] {subprocess.py:93} INFO - <class 'pandas.core.frame.DataFrame'>
[2025-10-05T05:24:51.229+0000] {subprocess.py:93} INFO - RangeIndex: 6 entries, 0 to 5
[2025-10-05T05:24:51.231+0000] {subprocess.py:93} INFO - Data columns (total 8 columns):
[2025-10-05T05:24:51.233+0000] {subprocess.py:93} INFO -  #   Column           Non-Null Count  Dtype
[2025-10-05T05:24:51.234+0000] {subprocess.py:93} INFO - ---  ------           --------------  -----
[2025-10-05T05:24:51.235+0000] {subprocess.py:93} INFO -  0   id               6 non-null      int64
[2025-10-05T05:24:51.236+0000] {subprocess.py:93} INFO -  1   customer_id      6 non-null      object
[2025-10-05T05:24:51.237+0000] {subprocess.py:93} INFO -  2   last_status      6 non-null      object
[2025-10-05T05:24:51.238+0000] {subprocess.py:93} INFO -  3   pos_origin       6 non-null      object
[2025-10-05T05:24:51.239+0000] {subprocess.py:93} INFO -  4   pos_destination  6 non-null      object
[2025-10-05T05:24:51.240+0000] {subprocess.py:93} INFO -  5   created_at       6 non-null      datetime64[ns, UTC]
[2025-10-05T05:24:51.241+0000] {subprocess.py:93} INFO -  6   updated_at       6 non-null      datetime64[ns, UTC]
[2025-10-05T05:24:51.242+0000] {subprocess.py:93} INFO -  7   loaded_at        6 non-null      datetime64[ns, UTC]
[2025-10-05T05:24:51.243+0000] {subprocess.py:93} INFO - dtypes: datetime64[ns, UTC](3), int64(1), object(4)
[2025-10-05T05:24:51.244+0000] {subprocess.py:93} INFO - memory usage: 1.6 KB
[2025-10-05T05:24:51.610+0000] {subprocess.py:97} INFO - Command exited with return code 0
[2025-10-05T05:24:51.619+0000] {taskinstance.py:441} INFO - ::group::Post task execution logs
[2025-10-05T05:24:51.710+0000] {taskinstance.py:1206} INFO - Marking task as SUCCESS. dag_id=retail_hourly_etl, task_id=source_transaction_lion_parcel, run_id=manual__2025-10-05T05:24:31.685818+00:00, execution_date=20251005T052431, start_date=20251005T052437, end_date=20251005T052451
[2025-10-05T05:24:51.789+0000] {local_task_job_runner.py:243} INFO - Task exited with return code 0
[2025-10-05T05:24:51.882+0000] {taskinstance.py:3503} INFO - 1 downstream tasks scheduled from follow-on schedule check
[2025-10-05T05:24:51.899+0000] {local_task_job_runner.py:222} INFO - ::endgroup::
