[2025-10-04T14:38:30.451+0000] {local_task_job_runner.py:120} INFO - ::group::Pre task execution logs
[2025-10-04T14:38:30.859+0000] {taskinstance.py:2076} INFO - Dependencies all met for dep_context=non-requeueable deps ti=<TaskInstance: retail_hourly_etl.source_transaction_lion_parcel manual__2025-10-04T14:10:27.212560+00:00 [queued]>
[2025-10-04T14:38:30.898+0000] {taskinstance.py:2076} INFO - Dependencies all met for dep_context=requeueable deps ti=<TaskInstance: retail_hourly_etl.source_transaction_lion_parcel manual__2025-10-04T14:10:27.212560+00:00 [queued]>
[2025-10-04T14:38:30.899+0000] {taskinstance.py:2306} INFO - Starting attempt 2 of 2
[2025-10-04T14:38:30.944+0000] {taskinstance.py:2330} INFO - Executing <Task(BashOperator): source_transaction_lion_parcel> on 2025-10-04 14:10:27.212560+00:00
[2025-10-04T14:38:30.997+0000] {logging_mixin.py:188} WARNING - /home/***/.local/lib/python3.12/site-packages/***/task/task_runner/standard_task_runner.py:62 DeprecationWarning: This process (pid=178) is multi-threaded, use of fork() may lead to deadlocks in the child.
[2025-10-04T14:38:31.000+0000] {standard_task_runner.py:64} INFO - Started process 181 to run task
[2025-10-04T14:38:31.007+0000] {standard_task_runner.py:90} INFO - Running: ['***', 'tasks', 'run', 'retail_hourly_etl', 'source_transaction_lion_parcel', 'manual__2025-10-04T14:10:27.212560+00:00', '--job-id', '31', '--raw', '--subdir', 'DAGS_FOLDER/retail_hourly_etl.py', '--cfg-path', '/tmp/tmpect66n4c']
[2025-10-04T14:38:31.047+0000] {standard_task_runner.py:91} INFO - Job 31: Subtask source_transaction_lion_parcel
[2025-10-04T14:38:31.738+0000] {task_command.py:426} INFO - Running <TaskInstance: retail_hourly_etl.source_transaction_lion_parcel manual__2025-10-04T14:10:27.212560+00:00 [running]> on host a12b782eaca0
[2025-10-04T14:38:32.380+0000] {taskinstance.py:2648} INFO - Exporting env vars: AIRFLOW_CTX_DAG_OWNER='***' AIRFLOW_CTX_DAG_ID='retail_hourly_etl' AIRFLOW_CTX_TASK_ID='source_transaction_lion_parcel' AIRFLOW_CTX_EXECUTION_DATE='2025-10-04T14:10:27.212560+00:00' AIRFLOW_CTX_TRY_NUMBER='2' AIRFLOW_CTX_DAG_RUN_ID='manual__2025-10-04T14:10:27.212560+00:00'
[2025-10-04T14:38:32.389+0000] {taskinstance.py:430} INFO - ::endgroup::
[2025-10-04T14:38:32.889+0000] {subprocess.py:63} INFO - Tmp dir root location: /tmp
[2025-10-04T14:38:32.900+0000] {subprocess.py:75} INFO - Running command: ['/usr/bin/bash', '-c', 'python /opt/***/public/source_transaction_lion_parcel.py || exit 3']
[2025-10-04T14:38:33.022+0000] {subprocess.py:86} INFO - Output:
[2025-10-04T14:38:55.547+0000] {subprocess.py:93} INFO - 2025-10-04 14:38:55,547 - INFO - Database connection established successfully.
[2025-10-04T14:38:55.549+0000] {subprocess.py:93} INFO - 2025-10-04 14:38:55,547 - INFO - Database connection established successfully.
[2025-10-04T14:38:56.529+0000] {subprocess.py:93} INFO - <class 'pandas.core.frame.DataFrame'>
[2025-10-04T14:38:56.531+0000] {subprocess.py:93} INFO - RangeIndex: 20 entries, 0 to 19
[2025-10-04T14:38:56.536+0000] {subprocess.py:93} INFO - Data columns (total 8 columns):
[2025-10-04T14:38:56.538+0000] {subprocess.py:93} INFO -  #   Column           Non-Null Count  Dtype
[2025-10-04T14:38:56.540+0000] {subprocess.py:93} INFO - ---  ------           --------------  -----
[2025-10-04T14:38:56.546+0000] {subprocess.py:93} INFO -  0   id               20 non-null     int64
[2025-10-04T14:38:56.548+0000] {subprocess.py:93} INFO -  1   customer_id      20 non-null     int64
[2025-10-04T14:38:56.549+0000] {subprocess.py:93} INFO -  2   last_status      20 non-null     object
[2025-10-04T14:38:56.551+0000] {subprocess.py:93} INFO -  3   pos_origin       20 non-null     object
[2025-10-04T14:38:56.552+0000] {subprocess.py:93} INFO -  4   pos_destination  20 non-null     object
[2025-10-04T14:38:56.553+0000] {subprocess.py:93} INFO -  5   created_at       20 non-null     datetime64[ns, UTC]
[2025-10-04T14:38:56.555+0000] {subprocess.py:93} INFO -  6   updated_at       20 non-null     datetime64[ns, UTC]
[2025-10-04T14:38:56.556+0000] {subprocess.py:93} INFO -  7   deleted_at       2 non-null      datetime64[ns, UTC]
[2025-10-04T14:38:56.558+0000] {subprocess.py:93} INFO - dtypes: datetime64[ns, UTC](3), int64(2), object(3)
[2025-10-04T14:38:56.560+0000] {subprocess.py:93} INFO - memory usage: 4.2 KB
[2025-10-04T14:38:56.561+0000] {subprocess.py:93} INFO - <class 'pandas.core.frame.DataFrame'>
[2025-10-04T14:38:56.562+0000] {subprocess.py:93} INFO - RangeIndex: 20 entries, 0 to 19
[2025-10-04T14:38:56.563+0000] {subprocess.py:93} INFO - Data columns (total 8 columns):
[2025-10-04T14:38:56.565+0000] {subprocess.py:93} INFO -  #   Column           Non-Null Count  Dtype
[2025-10-04T14:38:56.566+0000] {subprocess.py:93} INFO - ---  ------           --------------  -----
[2025-10-04T14:38:56.567+0000] {subprocess.py:93} INFO -  0   id               20 non-null     int64
[2025-10-04T14:38:56.568+0000] {subprocess.py:93} INFO -  1   customer_id      20 non-null     int64
[2025-10-04T14:38:56.569+0000] {subprocess.py:93} INFO -  2   last_status      20 non-null     object
[2025-10-04T14:38:56.571+0000] {subprocess.py:93} INFO -  3   pos_origin       20 non-null     object
[2025-10-04T14:38:56.572+0000] {subprocess.py:93} INFO -  4   pos_destination  20 non-null     object
[2025-10-04T14:38:56.575+0000] {subprocess.py:93} INFO -  5   created_at       20 non-null     datetime64[ns, UTC]
[2025-10-04T14:38:56.577+0000] {subprocess.py:93} INFO -  6   updated_at       20 non-null     datetime64[ns, UTC]
[2025-10-04T14:38:56.578+0000] {subprocess.py:93} INFO -  7   deleted_at       2 non-null      datetime64[ns, UTC]
[2025-10-04T14:38:56.579+0000] {subprocess.py:93} INFO - dtypes: datetime64[ns, UTC](3), int64(2), object(3)
[2025-10-04T14:38:56.581+0000] {subprocess.py:93} INFO - memory usage: 4.2 KB
[2025-10-04T14:38:57.052+0000] {subprocess.py:97} INFO - Command exited with return code 0
[2025-10-04T14:38:57.063+0000] {taskinstance.py:441} INFO - ::group::Post task execution logs
[2025-10-04T14:38:57.161+0000] {taskinstance.py:1206} INFO - Marking task as SUCCESS. dag_id=retail_hourly_etl, task_id=source_transaction_lion_parcel, run_id=manual__2025-10-04T14:10:27.212560+00:00, execution_date=20251004T141027, start_date=20251004T143830, end_date=20251004T143857
[2025-10-04T14:38:57.243+0000] {local_task_job_runner.py:243} INFO - Task exited with return code 0
[2025-10-04T14:38:57.301+0000] {taskinstance.py:3503} INFO - 1 downstream tasks scheduled from follow-on schedule check
[2025-10-04T14:38:57.311+0000] {local_task_job_runner.py:222} INFO - ::endgroup::
