[2025-10-04T14:42:35.971+0000] {local_task_job_runner.py:120} INFO - ::group::Pre task execution logs
[2025-10-04T14:42:36.045+0000] {taskinstance.py:2076} INFO - Dependencies all met for dep_context=non-requeueable deps ti=<TaskInstance: retail_hourly_etl.retail_transactions scheduled__2025-10-04T13:00:00+00:00 [queued]>
[2025-10-04T14:42:36.063+0000] {taskinstance.py:2076} INFO - Dependencies all met for dep_context=requeueable deps ti=<TaskInstance: retail_hourly_etl.retail_transactions scheduled__2025-10-04T13:00:00+00:00 [queued]>
[2025-10-04T14:42:36.065+0000] {taskinstance.py:2306} INFO - Starting attempt 1 of 1
[2025-10-04T14:42:36.091+0000] {taskinstance.py:2330} INFO - Executing <Task(BashOperator): retail_transactions> on 2025-10-04 13:00:00+00:00
[2025-10-04T14:42:36.110+0000] {standard_task_runner.py:90} INFO - Running: ['***', 'tasks', 'run', 'retail_hourly_etl', 'retail_transactions', 'scheduled__2025-10-04T13:00:00+00:00', '--job-id', '34', '--raw', '--subdir', 'DAGS_FOLDER/retail_hourly_etl.py', '--cfg-path', '/tmp/tmpz5evy7c1']
[2025-10-04T14:42:36.115+0000] {standard_task_runner.py:91} INFO - Job 34: Subtask retail_transactions
[2025-10-04T14:42:36.115+0000] {logging_mixin.py:188} WARNING - /home/***/.local/lib/python3.12/site-packages/***/task/task_runner/standard_task_runner.py:62 DeprecationWarning: This process (pid=251) is multi-threaded, use of fork() may lead to deadlocks in the child.
[2025-10-04T14:42:36.118+0000] {standard_task_runner.py:64} INFO - Started process 252 to run task
[2025-10-04T14:42:36.274+0000] {task_command.py:426} INFO - Running <TaskInstance: retail_hourly_etl.retail_transactions scheduled__2025-10-04T13:00:00+00:00 [running]> on host a12b782eaca0
[2025-10-04T14:42:36.575+0000] {taskinstance.py:2648} INFO - Exporting env vars: AIRFLOW_CTX_DAG_OWNER='***' AIRFLOW_CTX_DAG_ID='retail_hourly_etl' AIRFLOW_CTX_TASK_ID='retail_transactions' AIRFLOW_CTX_EXECUTION_DATE='2025-10-04T13:00:00+00:00' AIRFLOW_CTX_TRY_NUMBER='1' AIRFLOW_CTX_DAG_RUN_ID='scheduled__2025-10-04T13:00:00+00:00'
[2025-10-04T14:42:36.578+0000] {taskinstance.py:430} INFO - ::endgroup::
[2025-10-04T14:42:36.621+0000] {subprocess.py:63} INFO - Tmp dir root location: /tmp
[2025-10-04T14:42:36.626+0000] {subprocess.py:75} INFO - Running command: ['/usr/bin/bash', '-c', 'python /opt/***/public/retail_transactions.py || exit 3']
[2025-10-04T14:42:36.649+0000] {subprocess.py:86} INFO - Output:
[2025-10-04T14:42:41.460+0000] {subprocess.py:93} INFO - 2025-10-04 14:42:41,460 - INFO - Running DBT command: run --select tag:retail_transactions --target prod --project-dir /opt/***/dbt --profiles-dir /opt/***/dbt
[2025-10-04T14:42:41.626+0000] {subprocess.py:93} INFO - [0m14:42:41  Running with dbt=1.8.9
[2025-10-04T14:42:42.150+0000] {subprocess.py:93} INFO - [0m14:42:42  Registered adapter: postgres=1.8.2
[2025-10-04T14:42:43.328+0000] {subprocess.py:93} INFO - [0m14:42:43  [[33mWARNING[0m]: Configuration paths exist in your dbt_project.yml file which do not apply to any resources.
[2025-10-04T14:42:43.333+0000] {subprocess.py:93} INFO - There are 1 unused configuration paths:
[2025-10-04T14:42:43.337+0000] {subprocess.py:93} INFO - - models.lionparcel_dwh.staging
[2025-10-04T14:42:44.142+0000] {subprocess.py:93} INFO - [0m14:42:44  Found 1 model, 1 source, 433 macros
[2025-10-04T14:42:44.155+0000] {subprocess.py:93} INFO - [0m14:42:44
[2025-10-04T14:42:44.938+0000] {subprocess.py:93} INFO - [0m14:42:44  Concurrency: 4 threads (target='prod')
[2025-10-04T14:42:44.943+0000] {subprocess.py:93} INFO - [0m14:42:44
[2025-10-04T14:42:44.980+0000] {subprocess.py:93} INFO - [0m14:42:44  1 of 1 START sql incremental model public.retail_transactions .................. [RUN]
[2025-10-04T14:42:45.628+0000] {subprocess.py:93} INFO - [0m14:42:45  1 of 1 OK created sql incremental model public.retail_transactions ............. [[32mMERGE 20[0m in 0.64s]
[2025-10-04T14:42:45.851+0000] {subprocess.py:93} INFO - [0m14:42:45
[2025-10-04T14:42:45.853+0000] {subprocess.py:93} INFO - [0m14:42:45  Finished running 1 incremental model in 0 hours 0 minutes and 1.69 seconds (1.69s).
[2025-10-04T14:42:45.984+0000] {subprocess.py:93} INFO - [0m14:42:45
[2025-10-04T14:42:45.987+0000] {subprocess.py:93} INFO - [0m14:42:45  [32mCompleted successfully[0m
[2025-10-04T14:42:45.991+0000] {subprocess.py:93} INFO - [0m14:42:45
[2025-10-04T14:42:45.993+0000] {subprocess.py:93} INFO - [0m14:42:45  Done. PASS=1 WARN=0 ERROR=0 SKIP=0 TOTAL=1
[2025-10-04T14:42:47.903+0000] {subprocess.py:97} INFO - Command exited with return code 0
[2025-10-04T14:42:47.910+0000] {taskinstance.py:441} INFO - ::group::Post task execution logs
[2025-10-04T14:42:48.011+0000] {taskinstance.py:1206} INFO - Marking task as SUCCESS. dag_id=retail_hourly_etl, task_id=retail_transactions, run_id=scheduled__2025-10-04T13:00:00+00:00, execution_date=20251004T130000, start_date=20251004T144236, end_date=20251004T144248
[2025-10-04T14:42:48.101+0000] {local_task_job_runner.py:243} INFO - Task exited with return code 0
[2025-10-04T14:42:48.133+0000] {taskinstance.py:3503} INFO - 0 downstream tasks scheduled from follow-on schedule check
[2025-10-04T14:42:48.140+0000] {local_task_job_runner.py:222} INFO - ::endgroup::
